0 info it worked if it ends with ok
1 verbose cli [ 'node', '/usr/local/bin/npm', 'install', 'ios-sim' ]
2 info using npm@2.9.1
3 info using node@v0.12.3
4 verbose install initial load of /Users/mansaspaker/Documents/IT-bevakare/KlinikKurtApp/iOS fungerar lite phonegap 3.9.2/KlinikKurt-iOS fungerar lite/package.json
5 verbose readDependencies loading dependencies from /Users/mansaspaker/Documents/IT-bevakare/KlinikKurtApp/iOS fungerar lite phonegap 3.9.2/KlinikKurt-iOS fungerar lite/package.json
6 silly cache add args [ 'ios-sim', null ]
7 verbose cache add spec ios-sim
8 silly cache add parsed spec { raw: 'ios-sim',
8 silly cache add   scope: null,
8 silly cache add   name: 'ios-sim',
8 silly cache add   rawSpec: '',
8 silly cache add   spec: '*',
8 silly cache add   type: 'range' }
9 silly addNamed ios-sim@*
10 verbose addNamed "*" is a valid semver range for ios-sim
11 silly addNameRange { name: 'ios-sim', range: '*', hasData: false }
12 silly mapToRegistry name ios-sim
13 silly mapToRegistry using default registry
14 silly mapToRegistry registry https://registry.npmjs.org/
15 silly mapToRegistry uri https://registry.npmjs.org/ios-sim
16 verbose addNameRange registry:https://registry.npmjs.org/ios-sim not in flight; fetching
17 verbose request uri https://registry.npmjs.org/ios-sim
18 verbose request no auth needed
19 info attempt registry request try #1 at 20:12:59
20 verbose request id a6fc118218698fec
21 http request GET https://registry.npmjs.org/ios-sim
22 http 200 https://registry.npmjs.org/ios-sim
23 silly get cb [ 200,
23 silly get   { server: 'CouchDB/1.5.0 (Erlang OTP/R16B03)',
23 silly get     etag: '"7ZTP8VD0J74VLPPFIQ85YXZ21"',
23 silly get     'content-type': 'application/json',
23 silly get     'cache-control': 'max-age=300',
23 silly get     'content-length': '26575',
23 silly get     'accept-ranges': 'bytes',
23 silly get     date: 'Tue, 09 Feb 2016 19:13:00 GMT',
23 silly get     via: '1.1 varnish',
23 silly get     age: '54',
23 silly get     connection: 'keep-alive',
23 silly get     'x-served-by': 'cache-ams4137-AMS',
23 silly get     'x-cache': 'HIT',
23 silly get     'x-cache-hits': '1',
23 silly get     'x-timer': 'S1455045180.154272,VS0,VE0',
23 silly get     vary: 'Accept' } ]
24 verbose get saving ios-sim to /Users/mansaspaker/.npm/registry.npmjs.org/ios-sim/.cache.json
25 silly addNameRange number 2 { name: 'ios-sim', range: '*', hasData: true }
26 silly addNameRange versions [ 'ios-sim',
26 silly addNameRange   [ '1.8.0',
26 silly addNameRange     '1.8.1',
26 silly addNameRange     '1.8.2',
26 silly addNameRange     '1.9.0',
26 silly addNameRange     '2.0.0',
26 silly addNameRange     '2.0.1',
26 silly addNameRange     '3.0.0',
26 silly addNameRange     '3.1.0',
26 silly addNameRange     '3.1.1',
26 silly addNameRange     '4.1.0',
26 silly addNameRange     '4.1.1',
26 silly addNameRange     '3.2.0',
26 silly addNameRange     '5.0.0',
26 silly addNameRange     '5.0.1',
26 silly addNameRange     '5.0.2',
26 silly addNameRange     '5.0.3',
26 silly addNameRange     '5.0.4',
26 silly addNameRange     '5.0.5',
26 silly addNameRange     '5.0.6' ] ]
27 silly addNamed ios-sim@5.0.6
28 verbose addNamed "5.0.6" is a plain semver version for ios-sim
29 silly mapToRegistry name ios-sim
30 silly mapToRegistry using default registry
31 silly mapToRegistry registry https://registry.npmjs.org/
32 silly mapToRegistry uri https://registry.npmjs.org/ios-sim
33 verbose addRemoteTarball https://registry.npmjs.org/ios-sim/-/ios-sim-5.0.6.tgz not in flight; adding
34 verbose addRemoteTarball [ 'https://registry.npmjs.org/ios-sim/-/ios-sim-5.0.6.tgz',
34 verbose addRemoteTarball   '15c8e34aa9ed79df9edea26260efbba803fae7c6' ]
35 info retry fetch attempt 1 at 20:13:00
36 info attempt registry request try #1 at 20:13:00
37 http fetch GET https://registry.npmjs.org/ios-sim/-/ios-sim-5.0.6.tgz
38 http fetch 200 https://registry.npmjs.org/ios-sim/-/ios-sim-5.0.6.tgz
39 silly fetchAndShaCheck shasum 15c8e34aa9ed79df9edea26260efbba803fae7c6
40 verbose addTmpTarball /var/folders/fy/c8md90c1737d_kt_d6dl5rbr0000gn/T/npm-683-0cd48d08/registry.npmjs.org/ios-sim/-/ios-sim-5.0.6.tgz not in flight; adding
41 verbose addTmpTarball already have metadata; skipping unpack for ios-sim@5.0.6
42 silly cache afterAdd ios-sim@5.0.6
43 verbose afterAdd /Users/mansaspaker/.npm/ios-sim/5.0.6/package/package.json not in flight; writing
44 verbose afterAdd /Users/mansaspaker/.npm/ios-sim/5.0.6/package/package.json written
45 silly install resolved [ { name: 'ios-sim',
45 silly install resolved     version: '5.0.6',
45 silly install resolved     preferGlobal: 'true',
45 silly install resolved     description: 'launch iOS apps into the iOS Simulator from the command line (Xcode 6.0+)',
45 silly install resolved     main: 'ios-sim.js',
45 silly install resolved     repository:
45 silly install resolved      { type: 'git',
45 silly install resolved        url: 'git+https://github.com/phonegap/ios-sim.git' },
45 silly install resolved     engines: { node: '>=0.10.0' },
45 silly install resolved     keywords: [ 'ios-sim', 'iOS Simulator' ],
45 silly install resolved     bin: { 'ios-sim': './bin/ios-sim' },
45 silly install resolved     bugs: { url: 'https://github.com/phonegap/ios-sim/issues' },
45 silly install resolved     author: { name: 'Shazron Abdullah' },
45 silly install resolved     license: 'MIT',
45 silly install resolved     dependencies: { simctl: '^0.0.8', nopt: '1.0.9', 'bplist-parser': '^0.0.6' },
45 silly install resolved     gitHead: '5ae111d494f547c301b00e068cbd8aef46cf3988',
45 silly install resolved     homepage: 'https://github.com/phonegap/ios-sim#readme',
45 silly install resolved     _id: 'ios-sim@5.0.6',
45 silly install resolved     scripts: {},
45 silly install resolved     _shasum: '15c8e34aa9ed79df9edea26260efbba803fae7c6',
45 silly install resolved     _from: 'ios-sim@*',
45 silly install resolved     _npmVersion: '2.11.3',
45 silly install resolved     _nodeVersion: '0.12.7',
45 silly install resolved     _npmUser: { name: 'shazron', email: 'shazron@gmail.com' },
45 silly install resolved     dist:
45 silly install resolved      { shasum: '15c8e34aa9ed79df9edea26260efbba803fae7c6',
45 silly install resolved        tarball: 'http://registry.npmjs.org/ios-sim/-/ios-sim-5.0.6.tgz' },
45 silly install resolved     maintainers: [ [Object], [Object], [Object], [Object] ],
45 silly install resolved     directories: {},
45 silly install resolved     _resolved: 'https://registry.npmjs.org/ios-sim/-/ios-sim-5.0.6.tgz' } ]
46 info install ios-sim@5.0.6 into /Users/mansaspaker/Documents/IT-bevakare/KlinikKurtApp/iOS fungerar lite phonegap 3.9.2/KlinikKurt-iOS fungerar lite
47 info installOne ios-sim@5.0.6
48 verbose installOne of ios-sim to /Users/mansaspaker/Documents/IT-bevakare/KlinikKurtApp/iOS fungerar lite phonegap 3.9.2/KlinikKurt-iOS fungerar lite not in flight; installing
49 warn locking Error: EACCES, open '/Users/mansaspaker/.npm/_locks/ios-sim-4a226b928af744fa.lock'
49 warn locking     at Error (native)
49 warn locking  /Users/mansaspaker/.npm/_locks/ios-sim-4a226b928af744fa.lock failed { [Error: EACCES, open '/Users/mansaspaker/.npm/_locks/ios-sim-4a226b928af744fa.lock']
49 warn locking   errno: -13,
49 warn locking   code: 'EACCES',
49 warn locking   path: '/Users/mansaspaker/.npm/_locks/ios-sim-4a226b928af744fa.lock' }
50 verbose stack Error: Attempt to unlock /Users/mansaspaker/Documents/IT-bevakare/KlinikKurtApp/iOS fungerar lite phonegap 3.9.2/KlinikKurt-iOS fungerar lite/node_modules/ios-sim, which hasn't been locked
50 verbose stack     at unlock (/usr/local/lib/node_modules/npm/lib/utils/locker.js:66:11)
50 verbose stack     at cb (/usr/local/lib/node_modules/npm/lib/install.js:1015:5)
50 verbose stack     at /usr/local/lib/node_modules/npm/lib/install.js:1019:20
50 verbose stack     at /usr/local/lib/node_modules/npm/lib/utils/locker.js:40:9
50 verbose stack     at cb (/usr/local/lib/node_modules/npm/node_modules/lockfile/lockfile.js:149:38)
50 verbose stack     at /usr/local/lib/node_modules/npm/node_modules/lockfile/lockfile.js:177:38
50 verbose stack     at FSReqWrap.oncomplete (fs.js:95:15)
51 verbose cwd /Users/mansaspaker/Documents/IT-bevakare/KlinikKurtApp/iOS fungerar lite phonegap 3.9.2/KlinikKurt-iOS fungerar lite
52 error Darwin 15.3.0
53 error argv "node" "/usr/local/bin/npm" "install" "ios-sim"
54 error node v0.12.3
55 error npm  v2.9.1
56 error Attempt to unlock /Users/mansaspaker/Documents/IT-bevakare/KlinikKurtApp/iOS fungerar lite phonegap 3.9.2/KlinikKurt-iOS fungerar lite/node_modules/ios-sim, which hasn't been locked
57 error If you need help, you may report this error at:
57 error     <https://github.com/npm/npm/issues>
58 verbose exit [ 1, true ]
